<?xml version="1.0" encoding="UTF-8"?>
<!-- Generated by org.testng.reporters.JUnitReportReporter -->
<testsuite skipped="0" hostname="BA-000179316" name="E2EProject.ValidateTitle" tests="2" failures="0" timestamp="2022-07-03T17:09:23 IST" time="0.170" errors="0">
  <testcase name="basePageNavigation" time="0.087" classname="E2EProject.ValidateTitle"/>
  <system-out/>
  <testcase name="getAcademyTitle" time="0.083" classname="E2EProject.ValidateTitle"/>
  <system-out/>
</testsuite> <!-- E2EProject.ValidateTitle -->
