<?xml version="1.0" encoding="UTF-8"?>
<!-- Generated by org.testng.reporters.JUnitReportReporter -->
<testsuite skipped="0" hostname="BA-000179316" name="E2EProject.homePage" tests="1" failures="0" timestamp="2022-07-03T17:09:23 IST" time="1.059" errors="0">
  <testcase name="basePageNavigation" time="1.059" classname="E2EProject.homePage"/>
  <system-out/>
</testsuite> <!-- E2EProject.homePage -->
